0 info it worked if it ends with ok
1 verbose cli [ 'C:\\Program Files (x86)\\nodejs\\node.exe',
1 verbose cli   'C:\\Program Files (x86)\\nodejs\\node_modules\\npm\\bin\\npm-cli.js',
1 verbose cli   'start' ]
2 info using npm@1.4.28
3 info using node@v0.10.32
4 verbose run-script [ 'prestart', 'start', 'poststart' ]
5 info prestart reveal.js@3.2.0
6 info start reveal.js@3.2.0
7 verbose unsafe-perm in lifecycle true
8 info reveal.js@3.2.0 Failed to exec start script
9 error reveal.js@3.2.0 start: `grunt serve`
9 error Exit status 1
10 error Failed at the reveal.js@3.2.0 start script.
10 error This is most likely a problem with the reveal.js package,
10 error not with npm itself.
10 error Tell the author that this fails on your system:
10 error     grunt serve
10 error You can get their info via:
10 error     npm owner ls reveal.js
10 error There is likely additional logging output above.
11 error System Windows_NT 6.2.9200
12 error command "C:\\Program Files (x86)\\nodejs\\node.exe" "C:\\Program Files (x86)\\nodejs\\node_modules\\npm\\bin\\npm-cli.js" "start"
13 error cwd C:\Code\nodepresentation\reveal.js
14 error node -v v0.10.32
15 error npm -v 1.4.28
16 error code ELIFECYCLE
17 verbose exit [ 1, true ]
